<?xml version="1.0" encoding="UTF-8"?>
<testng-results ignored="0" total="3" passed="3" failed="0" skipped="0">
  <reporter-output>
  </reporter-output>
  <suite started-at="2025-07-21T15:23:35 EDT" name="Google Login Test Suite" finished-at="2025-07-21T15:23:38 EDT" duration-ms="3784">
    <groups>
    </groups>
    <test started-at="2025-07-21T15:23:35 EDT" name="Google Login Tests" finished-at="2025-07-21T15:23:38 EDT" duration-ms="3784">
      <class name="com.automation.tests.google.GoogleLoginTest">
        <test-method is-config="true" signature="beforeSuite()[pri:0, instance:com.automation.tests.google.GoogleLoginTest@42a15bdc]" started-at="2025-07-21T15:23:35 EDT" name="beforeSuite" finished-at="2025-07-21T15:23:35 EDT" duration-ms="53" status="PASS">
          <reporter-output>
          </reporter-output>
        </test-method> <!-- beforeSuite -->
        <test-method is-config="true" signature="setUp(java.lang.String,org.testng.ITestResult)[pri:0, instance:com.automation.tests.google.GoogleLoginTest@42a15bdc]" started-at="2025-07-21T15:23:35 EDT" name="setUp" finished-at="2025-07-21T15:23:36 EDT" duration-ms="933" status="PASS">
          <params>
            <param index="0">
              <value>
                <![CDATA[chrome]]>
              </value>
            </param>
            <param index="1">
              <value>
                <![CDATA[[TestResult name={null} status=CREATED method=GoogleLoginTest.testValidLogin()[pri:0, instance:com.automation.tests.google.GoogleLoginTest@42a15bdc] output={null}]]]>
              </value>
            </param>
          </params>
          <reporter-output>
          </reporter-output>
        </test-method> <!-- setUp -->
        <test-method is-config="true" signature="setUp(java.lang.String,org.testng.ITestResult)[pri:0, instance:com.automation.tests.google.GoogleLoginTest@42a15bdc]" started-at="2025-07-21T15:23:35 EDT" name="setUp" finished-at="2025-07-21T15:23:36 EDT" duration-ms="896" status="PASS">
          <params>
            <param index="0">
              <value>
                <![CDATA[chrome]]>
              </value>
            </param>
            <param index="1">
              <value>
                <![CDATA[[TestResult name={null} status=CREATED method=GoogleLoginTest.testSignInButtonVisibility()[pri:0, instance:com.automation.tests.google.GoogleLoginTest@42a15bdc] output={null}]]]>
              </value>
            </param>
          </params>
          <reporter-output>
          </reporter-output>
        </test-method> <!-- setUp -->
        <test-method is-config="true" signature="setUp(java.lang.String,org.testng.ITestResult)[pri:0, instance:com.automation.tests.google.GoogleLoginTest@42a15bdc]" started-at="2025-07-21T15:23:35 EDT" name="setUp" finished-at="2025-07-21T15:23:36 EDT" duration-ms="909" status="PASS">
          <params>
            <param index="0">
              <value>
                <![CDATA[chrome]]>
              </value>
            </param>
            <param index="1">
              <value>
                <![CDATA[[TestResult name={null} status=CREATED method=GoogleLoginTest.testInvalidEmailLogin()[pri:0, instance:com.automation.tests.google.GoogleLoginTest@42a15bdc] output={null}]]]>
              </value>
            </param>
          </params>
          <reporter-output>
          </reporter-output>
        </test-method> <!-- setUp -->
        <test-method signature="testSignInButtonVisibility()[pri:0, instance:com.automation.tests.google.GoogleLoginTest@42a15bdc]" started-at="2025-07-21T15:23:36 EDT" name="testSignInButtonVisibility" description="Verify Google Sign In button is visible and clickable" finished-at="2025-07-21T15:23:38 EDT" duration-ms="2737" status="PASS">
          <reporter-output>
          </reporter-output>
        </test-method> <!-- testSignInButtonVisibility -->
        <test-method signature="testInvalidEmailLogin()[pri:0, instance:com.automation.tests.google.GoogleLoginTest@42a15bdc]" started-at="2025-07-21T15:23:36 EDT" name="testInvalidEmailLogin" description="Verify login flow with invalid email" finished-at="2025-07-21T15:23:38 EDT" duration-ms="2711" status="PASS">
          <reporter-output>
          </reporter-output>
        </test-method> <!-- testInvalidEmailLogin -->
        <test-method signature="testValidLogin()[pri:0, instance:com.automation.tests.google.GoogleLoginTest@42a15bdc]" started-at="2025-07-21T15:23:36 EDT" name="testValidLogin" description="Verify login flow with valid credentials" finished-at="2025-07-21T15:23:38 EDT" duration-ms="2752" status="PASS">
          <reporter-output>
          </reporter-output>
        </test-method> <!-- testValidLogin -->
        <test-method is-config="true" signature="tearDown(org.testng.ITestResult)[pri:0, instance:com.automation.tests.google.GoogleLoginTest@42a15bdc]" started-at="2025-07-21T15:23:38 EDT" name="tearDown" finished-at="2025-07-21T15:23:38 EDT" duration-ms="101" status="PASS">
          <params>
            <param index="0">
              <value>
                <![CDATA[[TestResult name=testInvalidEmailLogin status=SUCCESS method=GoogleLoginTest.testInvalidEmailLogin()[pri:0, instance:com.automation.tests.google.GoogleLoginTest@42a15bdc] output={null}]]]>
              </value>
            </param>
          </params>
          <reporter-output>
          </reporter-output>
        </test-method> <!-- tearDown -->
        <test-method is-config="true" signature="tearDown(org.testng.ITestResult)[pri:0, instance:com.automation.tests.google.GoogleLoginTest@42a15bdc]" started-at="2025-07-21T15:23:38 EDT" name="tearDown" finished-at="2025-07-21T15:23:38 EDT" duration-ms="94" status="PASS">
          <params>
            <param index="0">
              <value>
                <![CDATA[[TestResult name=testSignInButtonVisibility status=SUCCESS method=GoogleLoginTest.testSignInButtonVisibility()[pri:0, instance:com.automation.tests.google.GoogleLoginTest@42a15bdc] output={null}]]]>
              </value>
            </param>
          </params>
          <reporter-output>
          </reporter-output>
        </test-method> <!-- tearDown -->
        <test-method is-config="true" signature="tearDown(org.testng.ITestResult)[pri:0, instance:com.automation.tests.google.GoogleLoginTest@42a15bdc]" started-at="2025-07-21T15:23:38 EDT" name="tearDown" finished-at="2025-07-21T15:23:38 EDT" duration-ms="88" status="PASS">
          <params>
            <param index="0">
              <value>
                <![CDATA[[TestResult name=testValidLogin status=SUCCESS method=GoogleLoginTest.testValidLogin()[pri:0, instance:com.automation.tests.google.GoogleLoginTest@42a15bdc] output={null}]]]>
              </value>
            </param>
          </params>
          <reporter-output>
          </reporter-output>
        </test-method> <!-- tearDown -->
        <test-method is-config="true" signature="afterSuite()[pri:0, instance:com.automation.tests.google.GoogleLoginTest@42a15bdc]" started-at="2025-07-21T15:23:38 EDT" name="afterSuite" finished-at="2025-07-21T15:23:39 EDT" duration-ms="81" status="PASS">
          <reporter-output>
          </reporter-output>
        </test-method> <!-- afterSuite -->
      </class> <!-- com.automation.tests.google.GoogleLoginTest -->
    </test> <!-- Google Login Tests -->
  </suite> <!-- Google Login Test Suite -->
</testng-results>
